/*C3*/SET SCHEMA PUBLIC
alter table e_dict drop constraint UKf5wwh5osfukkeebw7h2yb4kmp
alter table e_dict add constraint UKf5wwh5osfukkeebw7h2yb4kmp unique (code)
alter table e_dict_item drop constraint UKl0kiq8otpn3fvtlvarebt8xkh
alter table e_dict_item add constraint UKl0kiq8otpn3fvtlvarebt8xkh unique (code, erupt_dict_id)
alter table e_upms_menu drop constraint UK95xpkppt33d2bka0g2d7rgwqt
alter table e_upms_menu add constraint UK95xpkppt33d2bka0g2d7rgwqt unique (code)
alter table e_upms_post drop constraint UKltq5h3n5cyyk5nxtjhg9lhidg
alter table e_upms_post add constraint UKltq5h3n5cyyk5nxtjhg9lhidg unique (code)
alter table e_upms_role drop constraint UKjgxkp7mr4183tcwosrbqpsl3a
alter table e_upms_role add constraint UKjgxkp7mr4183tcwosrbqpsl3a unique (code)
alter table e_upms_user drop constraint UK812t22yn0295dkkvx5gjgahax
alter table e_upms_user add constraint UK812t22yn0295dkkvx5gjgahax unique (account)
INSERT INTO E_UPMS_LOGIN_LOG VALUES(7,'Chrome 8 84','Computer','192.168.0.107','2021-07-04 23:27:37.539000','0|0|0|\u5185\u7f51IP|\u5185\u7f51IP','Windows 10','qXhp52R4JVa3NMrZ',1)
COMMIT
/*C8*/SET SCHEMA PUBLIC
DISCONNECT
/*C4*/SET SCHEMA PUBLIC
DISCONNECT
/*C5*/SET SCHEMA PUBLIC
DISCONNECT
/*C9*/SET SCHEMA PUBLIC
DISCONNECT
/*C6*/SET SCHEMA PUBLIC
DISCONNECT
/*C3*/DISCONNECT
/*C12*/SET SCHEMA PUBLIC
DISCONNECT
/*C10*/SET SCHEMA PUBLIC
DISCONNECT
/*C11*/SET SCHEMA PUBLIC
DISCONNECT
/*C7*/SET SCHEMA PUBLIC
DISCONNECT
